{"C:\\Users\\luis_\\Desktop\\Facul\\Coisas\\API_nodejs_SolutionEducation\\src\\app.ts": {"path":"C:\\Users\\luis_\\Desktop\\Facul\\Coisas\\API_nodejs_SolutionEducation\\src\\app.ts","statementMap":{"0":{"start":{"line":1,"column":0},"end":{"line":1,"column":29}},"1":{"start":{"line":2,"column":0},"end":{"line":2,"column":45}},"2":{"start":{"line":3,"column":0},"end":{"line":3,"column":27}},"3":{"start":{"line":5,"column":0},"end":{"line":5,"column":null}},"4":{"start":{"line":7,"column":12},"end":{"line":7,"column":21}},"5":{"start":{"line":9,"column":0},"end":{"line":9,"column":null}},"6":{"start":{"line":10,"column":0},"end":{"line":10,"column":null}},"7":{"start":{"line":12,"column":0},"end":{"line":12,"column":null}}},"fnMap":{},"branchMap":{},"s":{"0":1,"1":1,"2":1,"3":1,"4":1,"5":1,"6":1,"7":1},"f":{},"b":{}}
,"C:\\Users\\luis_\\Desktop\\Facul\\Coisas\\API_nodejs_SolutionEducation\\src\\controller.ts\\post.controller.ts": {"path":"C:\\Users\\luis_\\Desktop\\Facul\\Coisas\\API_nodejs_SolutionEducation\\src\\controller.ts\\post.controller.ts","statementMap":{"0":{"start":{"line":4,"column":0},"end":{"line":4,"column":7}},"1":{"start":{"line":13,"column":0},"end":{"line":13,"column":7}},"2":{"start":{"line":28,"column":0},"end":{"line":28,"column":7}},"3":{"start":{"line":40,"column":0},"end":{"line":40,"column":7}},"4":{"start":{"line":61,"column":0},"end":{"line":61,"column":7}},"5":{"start":{"line":78,"column":0},"end":{"line":78,"column":7}},"6":{"start":{"line":2,"column":0},"end":{"line":2,"column":46}},"7":{"start":{"line":5,"column":4},"end":{"line":10,"column":5}},"8":{"start":{"line":6,"column":22},"end":{"line":6,"column":39}},"9":{"start":{"line":7,"column":8},"end":{"line":7,"column":24}},"10":{"start":{"line":9,"column":8},"end":{"line":9,"column":66}},"11":{"start":{"line":14,"column":18},"end":{"line":14,"column":38}},"12":{"start":{"line":15,"column":4},"end":{"line":17,"column":5}},"13":{"start":{"line":16,"column":8},"end":{"line":16,"column":98}},"14":{"start":{"line":19,"column":4},"end":{"line":25,"column":5}},"15":{"start":{"line":20,"column":24},"end":{"line":20,"column":42}},"16":{"start":{"line":21,"column":8},"end":{"line":21,"column":29}},"17":{"start":{"line":22,"column":8},"end":{"line":22,"column":38}},"18":{"start":{"line":24,"column":8},"end":{"line":24,"column":64}},"19":{"start":{"line":29,"column":4},"end":{"line":37,"column":5}},"20":{"start":{"line":30,"column":21},"end":{"line":30,"column":55}},"21":{"start":{"line":32,"column":8},"end":{"line":32,"column":83}},"22":{"start":{"line":32,"column":19},"end":{"line":32,"column":83}},"23":{"start":{"line":34,"column":8},"end":{"line":34,"column":23}},"24":{"start":{"line":36,"column":8},"end":{"line":36,"column":65}},"25":{"start":{"line":41,"column":18},"end":{"line":41,"column":38}},"26":{"start":{"line":42,"column":4},"end":{"line":44,"column":5}},"27":{"start":{"line":43,"column":8},"end":{"line":43,"column":99}},"28":{"start":{"line":46,"column":4},"end":{"line":58,"column":5}},"29":{"start":{"line":47,"column":21},"end":{"line":50,"column":null}},"30":{"start":{"line":53,"column":8},"end":{"line":53,"column":83}},"31":{"start":{"line":53,"column":19},"end":{"line":53,"column":83}},"32":{"start":{"line":55,"column":8},"end":{"line":55,"column":23}},"33":{"start":{"line":57,"column":8},"end":{"line":57,"column":68}},"34":{"start":{"line":62,"column":18},"end":{"line":62,"column":38}},"35":{"start":{"line":63,"column":4},"end":{"line":65,"column":5}},"36":{"start":{"line":64,"column":8},"end":{"line":64,"column":100}},"37":{"start":{"line":67,"column":4},"end":{"line":75,"column":5}},"38":{"start":{"line":68,"column":21},"end":{"line":68,"column":64}},"39":{"start":{"line":70,"column":8},"end":{"line":70,"column":83}},"40":{"start":{"line":70,"column":19},"end":{"line":70,"column":83}},"41":{"start":{"line":72,"column":8},"end":{"line":72,"column":31}},"42":{"start":{"line":74,"column":8},"end":{"line":74,"column":66}},"43":{"start":{"line":79,"column":22},"end":{"line":79,"column":31}},"44":{"start":{"line":81,"column":4},"end":{"line":83,"column":5}},"45":{"start":{"line":82,"column":8},"end":{"line":82,"column":81}},"46":{"start":{"line":85,"column":18},"end":{"line":85,"column":40}},"47":{"start":{"line":87,"column":4},"end":{"line":98,"column":5}},"48":{"start":{"line":88,"column":22},"end":{"line":93,"column":10}},"49":{"start":{"line":95,"column":8},"end":{"line":95,"column":24}},"50":{"start":{"line":97,"column":8},"end":{"line":97,"column":66}}},"fnMap":{"0":{"name":"getPosts","decl":{"start":{"line":4,"column":22},"end":{"line":4,"column":30}},"loc":{"start":{"line":4,"column":58},"end":{"line":11,"column":1}}},"1":{"name":"createPost","decl":{"start":{"line":13,"column":22},"end":{"line":13,"column":32}},"loc":{"start":{"line":13,"column":60},"end":{"line":26,"column":1}}},"2":{"name":"getPostById","decl":{"start":{"line":28,"column":22},"end":{"line":28,"column":33}},"loc":{"start":{"line":28,"column":61},"end":{"line":38,"column":1}}},"3":{"name":"updatePost","decl":{"start":{"line":40,"column":22},"end":{"line":40,"column":32}},"loc":{"start":{"line":40,"column":60},"end":{"line":59,"column":1}}},"4":{"name":"deletePost","decl":{"start":{"line":61,"column":22},"end":{"line":61,"column":32}},"loc":{"start":{"line":61,"column":60},"end":{"line":76,"column":1}}},"5":{"name":"searchPosts","decl":{"start":{"line":78,"column":22},"end":{"line":78,"column":33}},"loc":{"start":{"line":78,"column":61},"end":{"line":99,"column":1}}}},"branchMap":{"0":{"loc":{"start":{"line":15,"column":4},"end":{"line":17,"column":5}},"type":"if","locations":[{"start":{"line":15,"column":4},"end":{"line":17,"column":5}},{"start":{},"end":{}}]},"1":{"loc":{"start":{"line":32,"column":8},"end":{"line":32,"column":83}},"type":"if","locations":[{"start":{"line":32,"column":8},"end":{"line":32,"column":83}},{"start":{},"end":{}}]},"2":{"loc":{"start":{"line":42,"column":4},"end":{"line":44,"column":5}},"type":"if","locations":[{"start":{"line":42,"column":4},"end":{"line":44,"column":5}},{"start":{},"end":{}}]},"3":{"loc":{"start":{"line":53,"column":8},"end":{"line":53,"column":83}},"type":"if","locations":[{"start":{"line":53,"column":8},"end":{"line":53,"column":83}},{"start":{},"end":{}}]},"4":{"loc":{"start":{"line":63,"column":4},"end":{"line":65,"column":5}},"type":"if","locations":[{"start":{"line":63,"column":4},"end":{"line":65,"column":5}},{"start":{},"end":{}}]},"5":{"loc":{"start":{"line":70,"column":8},"end":{"line":70,"column":83}},"type":"if","locations":[{"start":{"line":70,"column":8},"end":{"line":70,"column":83}},{"start":{},"end":{}}]},"6":{"loc":{"start":{"line":81,"column":4},"end":{"line":83,"column":5}},"type":"if","locations":[{"start":{"line":81,"column":4},"end":{"line":83,"column":5}},{"start":{},"end":{}}]},"7":{"loc":{"start":{"line":81,"column":8},"end":{"line":81,"column":56}},"type":"binary-expr","locations":[{"start":{"line":81,"column":8},"end":{"line":81,"column":33}},{"start":{"line":81,"column":37},"end":{"line":81,"column":56}}]}},"s":{"0":1,"1":1,"2":1,"3":1,"4":1,"5":1,"6":1,"7":0,"8":0,"9":0,"10":0,"11":0,"12":0,"13":0,"14":0,"15":0,"16":0,"17":0,"18":0,"19":0,"20":0,"21":0,"22":0,"23":0,"24":0,"25":0,"26":0,"27":0,"28":0,"29":0,"30":0,"31":0,"32":0,"33":0,"34":0,"35":0,"36":0,"37":0,"38":0,"39":0,"40":0,"41":0,"42":0,"43":0,"44":0,"45":0,"46":0,"47":0,"48":0,"49":0,"50":0},"f":{"0":0,"1":0,"2":0,"3":0,"4":0,"5":0},"b":{"0":[0,0],"1":[0,0],"2":[0,0],"3":[0,0],"4":[0,0],"5":[0,0],"6":[0,0],"7":[0,0]}}
,"C:\\Users\\luis_\\Desktop\\Facul\\Coisas\\API_nodejs_SolutionEducation\\src\\entities\\post.model.ts": {"path":"C:\\Users\\luis_\\Desktop\\Facul\\Coisas\\API_nodejs_SolutionEducation\\src\\entities\\post.model.ts","statementMap":{"0":{"start":{"line":1,"column":0},"end":{"line":1,"column":69}},"1":{"start":{"line":4,"column":19},"end":{"line":9,"column":2}},"2":{"start":{"line":12,"column":13},"end":{"line":12,"column":null}}},"fnMap":{},"branchMap":{},"s":{"0":1,"1":1,"2":1},"f":{},"b":{}}
,"C:\\Users\\luis_\\Desktop\\Facul\\Coisas\\API_nodejs_SolutionEducation\\src\\middlewares\\auth.ts": {"path":"C:\\Users\\luis_\\Desktop\\Facul\\Coisas\\API_nodejs_SolutionEducation\\src\\middlewares\\auth.ts","statementMap":{"0":{"start":{"line":8,"column":0},"end":{"line":8,"column":16}},"1":{"start":{"line":27,"column":0},"end":{"line":27,"column":16}},"2":{"start":{"line":3,"column":60},"end":{"line":6,"column":2}},"3":{"start":{"line":9,"column":23},"end":{"line":9,"column":48}},"4":{"start":{"line":11,"column":4},"end":{"line":13,"column":5}},"5":{"start":{"line":12,"column":8},"end":{"line":12,"column":84}},"6":{"start":{"line":15,"column":18},"end":{"line":15,"column":42}},"7":{"start":{"line":16,"column":17},"end":{"line":16,"column":36}},"8":{"start":{"line":18,"column":4},"end":{"line":20,"column":5}},"9":{"start":{"line":19,"column":8},"end":{"line":19,"column":82}},"10":{"start":{"line":22,"column":5},"end":{"line":22,"column":33}},"11":{"start":{"line":24,"column":4},"end":{"line":24,"column":11}},"12":{"start":{"line":28,"column":4},"end":{"line":36,"column":6}},"13":{"start":{"line":29,"column":22},"end":{"line":29,"column":42}},"14":{"start":{"line":31,"column":8},"end":{"line":33,"column":9}},"15":{"start":{"line":32,"column":12},"end":{"line":32,"column":85}},"16":{"start":{"line":35,"column":8},"end":{"line":35,"column":15}}},"fnMap":{"0":{"name":"authenticate","decl":{"start":{"line":8,"column":16},"end":{"line":8,"column":28}},"loc":{"start":{"line":8,"column":76},"end":{"line":25,"column":1}}},"1":{"name":"authorize","decl":{"start":{"line":27,"column":16},"end":{"line":27,"column":25}},"loc":{"start":{"line":27,"column":65},"end":{"line":37,"column":1}}},"2":{"name":"(anonymous_2)","decl":{"start":{"line":28,"column":11},"end":{"line":28,"column":12}},"loc":{"start":{"line":28,"column":63},"end":{"line":36,"column":5}}}},"branchMap":{"0":{"loc":{"start":{"line":11,"column":4},"end":{"line":13,"column":5}},"type":"if","locations":[{"start":{"line":11,"column":4},"end":{"line":13,"column":5}},{"start":{},"end":{}}]},"1":{"loc":{"start":{"line":11,"column":8},"end":{"line":11,"column":56}},"type":"binary-expr","locations":[{"start":{"line":11,"column":8},"end":{"line":11,"column":19}},{"start":{"line":11,"column":23},"end":{"line":11,"column":56}}]},"2":{"loc":{"start":{"line":18,"column":4},"end":{"line":20,"column":5}},"type":"if","locations":[{"start":{"line":18,"column":4},"end":{"line":20,"column":5}},{"start":{},"end":{}}]},"3":{"loc":{"start":{"line":31,"column":8},"end":{"line":33,"column":9}},"type":"if","locations":[{"start":{"line":31,"column":8},"end":{"line":33,"column":9}},{"start":{},"end":{}}]}},"s":{"0":1,"1":1,"2":1,"3":0,"4":0,"5":0,"6":0,"7":0,"8":0,"9":0,"10":0,"11":0,"12":5,"13":0,"14":0,"15":0,"16":0},"f":{"0":0,"1":5,"2":0},"b":{"0":[0,0],"1":[0,0],"2":[0,0],"3":[0,0]}}
,"C:\\Users\\luis_\\Desktop\\Facul\\Coisas\\API_nodejs_SolutionEducation\\src\\routes\\post.routes.ts": {"path":"C:\\Users\\luis_\\Desktop\\Facul\\Coisas\\API_nodejs_SolutionEducation\\src\\routes\\post.routes.ts","statementMap":{"0":{"start":{"line":1,"column":0},"end":{"line":1,"column":32}},"1":{"start":{"line":2,"column":0},"end":{"line":2,"column":null}},"2":{"start":{"line":10,"column":0},"end":{"line":10,"column":50}},"3":{"start":{"line":11,"column":0},"end":{"line":11,"column":47}},"4":{"start":{"line":13,"column":15},"end":{"line":13,"column":23}},"5":{"start":{"line":15,"column":0},"end":{"line":15,"column":null}},"6":{"start":{"line":16,"column":0},"end":{"line":16,"column":null}},"7":{"start":{"line":17,"column":0},"end":{"line":17,"column":null}},"8":{"start":{"line":20,"column":0},"end":{"line":20,"column":null}},"9":{"start":{"line":21,"column":0},"end":{"line":21,"column":null}},"10":{"start":{"line":22,"column":0},"end":{"line":22,"column":null}},"11":{"start":{"line":24,"column":0},"end":{"line":24,"column":null}}},"fnMap":{},"branchMap":{},"s":{"0":1,"1":1,"2":1,"3":1,"4":1,"5":1,"6":1,"7":1,"8":1,"9":1,"10":1,"11":1},"f":{},"b":{}}
}
