{"C:\\Users\\luis_\\Desktop\\Facul\\Coisas\\API_nodejs_SolutionEducation\\src\\app.ts": {"path":"C:\\Users\\luis_\\Desktop\\Facul\\Coisas\\API_nodejs_SolutionEducation\\src\\app.ts","statementMap":{"0":{"start":{"line":1,"column":0},"end":{"line":1,"column":29}},"1":{"start":{"line":2,"column":0},"end":{"line":2,"column":45}},"2":{"start":{"line":3,"column":0},"end":{"line":3,"column":27}},"3":{"start":{"line":5,"column":0},"end":{"line":5,"column":null}},"4":{"start":{"line":7,"column":12},"end":{"line":7,"column":21}},"5":{"start":{"line":9,"column":0},"end":{"line":9,"column":null}},"6":{"start":{"line":10,"column":0},"end":{"line":10,"column":null}},"7":{"start":{"line":12,"column":0},"end":{"line":12,"column":null}}},"fnMap":{},"branchMap":{},"s":{"0":1,"1":1,"2":1,"3":1,"4":1,"5":1,"6":1,"7":1},"f":{},"b":{}}
,"C:\\Users\\luis_\\Desktop\\Facul\\Coisas\\API_nodejs_SolutionEducation\\src\\controller.ts\\post.controller.ts": {"path":"C:\\Users\\luis_\\Desktop\\Facul\\Coisas\\API_nodejs_SolutionEducation\\src\\controller.ts\\post.controller.ts","statementMap":{"0":{"start":{"line":5,"column":0},"end":{"line":5,"column":7}},"1":{"start":{"line":18,"column":0},"end":{"line":18,"column":7}},"2":{"start":{"line":31,"column":0},"end":{"line":31,"column":7}},"3":{"start":{"line":47,"column":0},"end":{"line":47,"column":7}},"4":{"start":{"line":58,"column":0},"end":{"line":58,"column":7}},"5":{"start":{"line":72,"column":0},"end":{"line":72,"column":7}},"6":{"start":{"line":2,"column":0},"end":{"line":2,"column":45}},"7":{"start":{"line":7,"column":4},"end":{"line":15,"column":5}},"8":{"start":{"line":8,"column":22},"end":{"line":8,"column":39}},"9":{"start":{"line":10,"column":8},"end":{"line":10,"column":null}},"10":{"start":{"line":13,"column":8},"end":{"line":14,"column":null}},"11":{"start":{"line":19,"column":4},"end":{"line":28,"column":5}},"12":{"start":{"line":20,"column":24},"end":{"line":20,"column":42}},"13":{"start":{"line":22,"column":8},"end":{"line":22,"column":null}},"14":{"start":{"line":24,"column":8},"end":{"line":24,"column":null}},"15":{"start":{"line":26,"column":8},"end":{"line":27,"column":null}},"16":{"start":{"line":33,"column":4},"end":{"line":44,"column":5}},"17":{"start":{"line":35,"column":21},"end":{"line":35,"column":55}},"18":{"start":{"line":37,"column":8},"end":{"line":38,"column":null}},"19":{"start":{"line":37,"column":19},"end":{"line":38,"column":null}},"20":{"start":{"line":39,"column":12},"end":{"line":39,"column":null}},"21":{"start":{"line":42,"column":8},"end":{"line":42,"column":null}},"22":{"start":{"line":48,"column":17},"end":{"line":51,"column":22}},"23":{"start":{"line":53,"column":4},"end":{"line":53,"column":74}},"24":{"start":{"line":53,"column":15},"end":{"line":53,"column":74}},"25":{"start":{"line":55,"column":4},"end":{"line":55,"column":null}},"26":{"start":{"line":59,"column":4},"end":{"line":69,"column":5}},"27":{"start":{"line":60,"column":21},"end":{"line":60,"column":64}},"28":{"start":{"line":62,"column":8},"end":{"line":64,"column":null}},"29":{"start":{"line":62,"column":19},"end":{"line":64,"column":null}},"30":{"start":{"line":65,"column":8},"end":{"line":65,"column":null}},"31":{"start":{"line":67,"column":8},"end":{"line":68,"column":null}},"32":{"start":{"line":73,"column":22},"end":{"line":73,"column":31}},"33":{"start":{"line":75,"column":4},"end":{"line":77,"column":5}},"34":{"start":{"line":76,"column":8},"end":{"line":76,"column":null}},"35":{"start":{"line":79,"column":18},"end":{"line":79,"column":40}},"36":{"start":{"line":80,"column":18},"end":{"line":85,"column":6}},"37":{"start":{"line":87,"column":4},"end":{"line":87,"column":20}}},"fnMap":{"0":{"name":"getPosts","decl":{"start":{"line":5,"column":22},"end":{"line":5,"column":30}},"loc":{"start":{"line":5,"column":58},"end":{"line":16,"column":1}}},"1":{"name":"createPost","decl":{"start":{"line":18,"column":22},"end":{"line":18,"column":32}},"loc":{"start":{"line":18,"column":60},"end":{"line":29,"column":1}}},"2":{"name":"getPostById","decl":{"start":{"line":31,"column":22},"end":{"line":31,"column":33}},"loc":{"start":{"line":31,"column":61},"end":{"line":45,"column":1}}},"3":{"name":"updatePost","decl":{"start":{"line":47,"column":22},"end":{"line":47,"column":32}},"loc":{"start":{"line":47,"column":60},"end":{"line":56,"column":1}}},"4":{"name":"deletePost","decl":{"start":{"line":58,"column":22},"end":{"line":58,"column":32}},"loc":{"start":{"line":58,"column":60},"end":{"line":70,"column":1}}},"5":{"name":"searchPosts","decl":{"start":{"line":72,"column":22},"end":{"line":72,"column":33}},"loc":{"start":{"line":72,"column":61},"end":{"line":88,"column":1}}}},"branchMap":{"0":{"loc":{"start":{"line":37,"column":8},"end":{"line":38,"column":null}},"type":"if","locations":[{"start":{"line":37,"column":8},"end":{"line":38,"column":null}},{"start":{},"end":{}}]},"1":{"loc":{"start":{"line":53,"column":4},"end":{"line":53,"column":74}},"type":"if","locations":[{"start":{"line":53,"column":4},"end":{"line":53,"column":74}},{"start":{},"end":{}}]},"2":{"loc":{"start":{"line":62,"column":8},"end":{"line":64,"column":null}},"type":"if","locations":[{"start":{"line":62,"column":8},"end":{"line":64,"column":null}},{"start":{},"end":{}}]},"3":{"loc":{"start":{"line":75,"column":4},"end":{"line":77,"column":5}},"type":"if","locations":[{"start":{"line":75,"column":4},"end":{"line":77,"column":5}},{"start":{},"end":{}}]},"4":{"loc":{"start":{"line":75,"column":8},"end":{"line":75,"column":56}},"type":"binary-expr","locations":[{"start":{"line":75,"column":8},"end":{"line":75,"column":33}},{"start":{"line":75,"column":37},"end":{"line":75,"column":56}}]}},"s":{"0":1,"1":1,"2":1,"3":1,"4":1,"5":1,"6":1,"7":0,"8":0,"9":0,"10":0,"11":1,"12":1,"13":1,"14":1,"15":0,"16":0,"17":0,"18":0,"19":0,"20":0,"21":0,"22":0,"23":0,"24":0,"25":0,"26":0,"27":0,"28":0,"29":0,"30":0,"31":0,"32":0,"33":0,"34":0,"35":0,"36":0,"37":0},"f":{"0":0,"1":1,"2":0,"3":0,"4":0,"5":0},"b":{"0":[0,0],"1":[0,0],"2":[0,0],"3":[0,0],"4":[0,0]}}
,"C:\\Users\\luis_\\Desktop\\Facul\\Coisas\\API_nodejs_SolutionEducation\\src\\entities\\post.model.ts": {"path":"C:\\Users\\luis_\\Desktop\\Facul\\Coisas\\API_nodejs_SolutionEducation\\src\\entities\\post.model.ts","statementMap":{"0":{"start":{"line":1,"column":0},"end":{"line":1,"column":69}},"1":{"start":{"line":4,"column":19},"end":{"line":8,"column":2}},"2":{"start":{"line":11,"column":13},"end":{"line":11,"column":null}}},"fnMap":{},"branchMap":{},"s":{"0":1,"1":1,"2":1},"f":{},"b":{}}
,"C:\\Users\\luis_\\Desktop\\Facul\\Coisas\\API_nodejs_SolutionEducation\\src\\middlewares\\validate.ts": {"path":"C:\\Users\\luis_\\Desktop\\Facul\\Coisas\\API_nodejs_SolutionEducation\\src\\middlewares\\validate.ts","statementMap":{"0":{"start":{"line":4,"column":0},"end":{"line":4,"column":16}},"1":{"start":{"line":5,"column":4},"end":{"line":17,"column":6}},"2":{"start":{"line":10,"column":23},"end":{"line":10,"column":49}},"3":{"start":{"line":12,"column":8},"end":{"line":14,"column":9}},"4":{"start":{"line":13,"column":12},"end":{"line":13,"column":null}},"5":{"start":{"line":15,"column":8},"end":{"line":15,"column":null}},"6":{"start":{"line":16,"column":8},"end":{"line":16,"column":null}}},"fnMap":{"0":{"name":"validate","decl":{"start":{"line":4,"column":16},"end":{"line":4,"column":24}},"loc":{"start":{"line":4,"column":42},"end":{"line":18,"column":1}}},"1":{"name":"(anonymous_1)","decl":{"start":{"line":5,"column":11},"end":{"line":5,"column":null}},"loc":{"start":{"line":9,"column":8},"end":{"line":17,"column":5}}}},"branchMap":{"0":{"loc":{"start":{"line":12,"column":8},"end":{"line":14,"column":9}},"type":"if","locations":[{"start":{"line":12,"column":8},"end":{"line":14,"column":9}},{"start":{},"end":{}}]}},"s":{"0":1,"1":2,"2":2,"3":2,"4":1,"5":1,"6":1},"f":{"0":2,"1":2},"b":{"0":[1,1]}}
,"C:\\Users\\luis_\\Desktop\\Facul\\Coisas\\API_nodejs_SolutionEducation\\src\\routes\\post.routes.ts": {"path":"C:\\Users\\luis_\\Desktop\\Facul\\Coisas\\API_nodejs_SolutionEducation\\src\\routes\\post.routes.ts","statementMap":{"0":{"start":{"line":1,"column":0},"end":{"line":1,"column":32}},"1":{"start":{"line":2,"column":0},"end":{"line":2,"column":null}},"2":{"start":{"line":11,"column":0},"end":{"line":11,"column":50}},"3":{"start":{"line":12,"column":0},"end":{"line":12,"column":50}},"4":{"start":{"line":14,"column":15},"end":{"line":14,"column":23}},"5":{"start":{"line":16,"column":0},"end":{"line":16,"column":null}},"6":{"start":{"line":17,"column":0},"end":{"line":17,"column":null}},"7":{"start":{"line":18,"column":0},"end":{"line":18,"column":null}},"8":{"start":{"line":19,"column":0},"end":{"line":19,"column":null}},"9":{"start":{"line":20,"column":0},"end":{"line":20,"column":null}},"10":{"start":{"line":21,"column":0},"end":{"line":21,"column":41}},"11":{"start":{"line":23,"column":0},"end":{"line":23,"column":null}}},"fnMap":{},"branchMap":{},"s":{"0":1,"1":1,"2":1,"3":1,"4":1,"5":1,"6":1,"7":1,"8":1,"9":1,"10":1,"11":1},"f":{},"b":{}}
,"C:\\Users\\luis_\\Desktop\\Facul\\Coisas\\API_nodejs_SolutionEducation\\src\\schema\\post.schema.ts": {"path":"C:\\Users\\luis_\\Desktop\\Facul\\Coisas\\API_nodejs_SolutionEducation\\src\\schema\\post.schema.ts","statementMap":{"0":{"start":{"line":1,"column":0},"end":{"line":1,"column":23}},"1":{"start":{"line":3,"column":13},"end":{"line":6,"column":null}}},"fnMap":{},"branchMap":{},"s":{"0":1,"1":1},"f":{},"b":{}}
}
