TN:
SF:src\app.ts
FNF:0
FNH:0
DA:1,1
DA:2,1
DA:3,1
DA:5,1
DA:7,1
DA:9,1
DA:10,1
DA:12,1
LF:8
LH:8
BRF:0
BRH:0
end_of_record
TN:
SF:src\controller.ts\post.controller.ts
FN:5,getPosts
FN:18,createPost
FN:31,getPostById
FN:47,updatePost
FN:58,deletePost
FN:72,searchPosts
FNF:6
FNH:1
FNDA:0,getPosts
FNDA:1,createPost
FNDA:0,getPostById
FNDA:0,updatePost
FNDA:0,deletePost
FNDA:0,searchPosts
DA:2,1
DA:5,1
DA:7,0
DA:8,0
DA:10,0
DA:13,0
DA:18,1
DA:19,1
DA:20,1
DA:22,1
DA:24,1
DA:26,0
DA:31,1
DA:33,0
DA:35,0
DA:37,0
DA:39,0
DA:42,0
DA:47,1
DA:48,0
DA:53,0
DA:55,0
DA:58,1
DA:59,0
DA:60,0
DA:62,0
DA:65,0
DA:67,0
DA:72,1
DA:73,0
DA:75,0
DA:76,0
DA:79,0
DA:80,0
DA:87,0
LF:35
LH:11
BRDA:37,0,0,0
BRDA:37,0,1,0
BRDA:53,1,0,0
BRDA:53,1,1,0
BRDA:62,2,0,0
BRDA:62,2,1,0
BRDA:75,3,0,0
BRDA:75,3,1,0
BRDA:75,4,0,0
BRDA:75,4,1,0
BRF:10
BRH:0
end_of_record
TN:
SF:src\entities\post.model.ts
FNF:0
FNH:0
DA:1,1
DA:4,1
DA:11,1
LF:3
LH:3
BRF:0
BRH:0
end_of_record
TN:
SF:src\middlewares\validate.ts
FN:4,validate
FN:5,(anonymous_1)
FNF:2
FNH:2
FNDA:2,validate
FNDA:2,(anonymous_1)
DA:4,1
DA:5,2
DA:10,2
DA:12,2
DA:13,1
DA:15,1
DA:16,1
LF:7
LH:7
BRDA:12,0,0,1
BRDA:12,0,1,1
BRF:2
BRH:2
end_of_record
TN:
SF:src\routes\post.routes.ts
FNF:0
FNH:0
DA:1,1
DA:2,1
DA:11,1
DA:12,1
DA:14,1
DA:16,1
DA:17,1
DA:18,1
DA:19,1
DA:20,1
DA:21,1
DA:23,1
LF:12
LH:12
BRF:0
BRH:0
end_of_record
TN:
SF:src\schema\post.schema.ts
FNF:0
FNH:0
DA:1,1
DA:3,1
LF:2
LH:2
BRF:0
BRH:0
end_of_record
